<?xml version="1.0" encoding="utf-8"?><testsuites name="pytest tests"><testsuite name="pytest" errors="0" failures="0" skipped="0" tests="11" time="0.069" timestamp="2026-03-22T18:12:01.976053+05:30" hostname="LAPTOP-E7PBE5N9"><testcase classname="tests.test_attack_detection_demo.TestHashProbingDetection" name="test_hash_probing_detected" time="0.002" /><testcase classname="tests.test_attack_detection_demo.TestHashProbingDetection" name="test_normal_client_not_flagged" time="0.001" /><testcase classname="tests.test_attack_detection_demo.TestHashProbingDetection" name="test_hash_probing_adaptive_pow_increases_difficulty" time="0.001" /><testcase classname="tests.test_attack_detection_demo.TestDedupDoSDetection" name="test_dedup_dos_detected" time="0.002" /><testcase classname="tests.test_attack_detection_demo.TestDedupDoSDetection" name="test_high_duplicate_ratio_alone_is_not_dos" time="0.001" /><testcase classname="tests.test_attack_detection_demo.TestOwnershipFraudDetection" name="test_ownership_fraud_detected" time="0.001" /><testcase classname="tests.test_attack_detection_demo.TestOwnershipFraudDetection" name="test_legitimate_pow_retries_are_allowed" time="0.001" /><testcase classname="tests.test_attack_detection_demo.TestPolicyEnforcementPipeline" name="test_full_pipeline_hash_probing" time="0.001" /><testcase classname="tests.test_attack_detection_demo.TestPolicyEnforcementPipeline" name="test_full_pipeline_normal_user" time="0.001" /><testcase classname="tests.test_attack_detection_demo.TestREFAGapDemonstration" name="test_gap1_static_pow_fails_against_determined_attacker" time="0.001" /><testcase classname="tests.test_attack_detection_demo.TestREFAGapDemonstration" name="test_gap2_refa_has_no_behaviour_detection" time="0.001" /></testsuite></testsuites>