<?xml version="1.0" encoding="utf-8"?><testsuites name="pytest tests"><testsuite name="pytest" errors="0" failures="0" skipped="0" tests="15" time="0.075" timestamp="2026-03-22T18:12:04.559009+05:30" hostname="LAPTOP-E7PBE5N9"><testcase classname="tests.test_frequency_attack_resistance.TestTokenNonReproducibility" name="test_sha256_token_is_reproducible_by_adversary" time="0.001" /><testcase classname="tests.test_frequency_attack_resistance.TestTokenNonReproducibility" name="test_hmac_token_not_reproducible_with_sha256" time="0.001" /><testcase classname="tests.test_frequency_attack_resistance.TestTokenNonReproducibility" name="test_hmac_token_not_reproducible_with_wrong_key" time="0.000" /><testcase classname="tests.test_frequency_attack_resistance.TestTokenNonReproducibility" name="test_hmac_token_reproducible_with_correct_key" time="0.001" /><testcase classname="tests.test_frequency_attack_resistance.TestDeduplicationPreserved" name="test_ten_users_same_chunk_same_hmac_token" time="0.000" /><testcase classname="tests.test_frequency_attack_resistance.TestDeduplicationPreserved" name="test_dedup_savings_identical_across_schemes" time="0.002" /><testcase classname="tests.test_frequency_attack_resistance.TestFrequencyAnalysisAttack" name="test_sha256_frequency_leaks_to_adversary" time="0.001" /><testcase classname="tests.test_frequency_attack_resistance.TestFrequencyAnalysisAttack" name="test_hmac_frequency_opaque_to_adversary" time="0.001" /><testcase classname="tests.test_frequency_attack_resistance.TestFrequencyAnalysisAttack" name="test_hmac_adversary_recovers_zero_information" time="0.001" /><testcase classname="tests.test_frequency_attack_resistance.TestTokenPerformance" name="test_hmac_overhead_within_reasonable_bound" time="0.007" /><testcase classname="tests.test_frequency_attack_resistance.TestTokenPerformance" name="test_absolute_hmac_time_is_negligible" time="0.006" /><testcase classname="tests.test_frequency_attack_resistance.TestConfirmationAttack" name="test_sha256_enables_confirmation_attack" time="0.001" /><testcase classname="tests.test_frequency_attack_resistance.TestConfirmationAttack" name="test_hmac_blocks_confirmation_attack" time="0.000" /><testcase classname="tests.test_frequency_attack_resistance.TestHKDFKeyBinding" name="test_different_chunks_produce_different_keys" time="0.001" /><testcase classname="tests.test_frequency_attack_resistance.TestHKDFKeyBinding" name="test_same_chunk_produces_stable_32_byte_key" time="0.001" /></testsuite></testsuites>